{"/home/labber/lighthouse/react/scheduler/src/components/Application.js": {"path":"/home/labber/lighthouse/react/scheduler/src/components/Application.js","statementMap":{"0":{"start":{"line":22,"column":6},"end":{"line":22,"column":26}},"1":{"start":{"line":24,"column":23},"end":{"line":24,"column":62}},"2":{"start":{"line":26,"column":23},"end":{"line":39,"column":3}},"3":{"start":{"line":28,"column":6},"end":{"line":37,"column":8}},"4":{"start":{"line":41,"column":2},"end":{"line":64,"column":4}}},"fnMap":{"0":{"name":"Application","decl":{"start":{"line":16,"column":24},"end":{"line":16,"column":35}},"loc":{"start":{"line":16,"column":43},"end":{"line":65,"column":1}},"line":16},"1":{"name":"(anonymous_1)","decl":{"start":{"line":27,"column":4},"end":{"line":27,"column":5}},"loc":{"start":{"line":27,"column":19},"end":{"line":38,"column":5}},"line":27}},"branchMap":{},"s":{"0":18,"1":18,"2":18,"3":22,"4":18},"f":{"0":18,"1":22},"b":{},"_coverageSchema":"43e27e138ebf9cfc5966b082cf9a028302ed4184","hash":"e1e200fb1065af82003b288a4c7e69704edb38fd"}
,"/home/labber/lighthouse/react/scheduler/src/components/Button.js": {"path":"/home/labber/lighthouse/react/scheduler/src/components/Button.js","statementMap":{"0":{"start":{"line":8,"column":22},"end":{"line":11,"column":4}},"1":{"start":{"line":13,"column":2},"end":{"line":21,"column":4}}},"fnMap":{"0":{"name":"Button","decl":{"start":{"line":7,"column":24},"end":{"line":7,"column":30}},"loc":{"start":{"line":7,"column":38},"end":{"line":22,"column":1}},"line":7}},"branchMap":{},"s":{"0":51,"1":51},"f":{"0":51},"b":{},"_coverageSchema":"43e27e138ebf9cfc5966b082cf9a028302ed4184","hash":"4d4fcf9688493f8cad7fca5282d2e8e125587e9f"}
,"/home/labber/lighthouse/react/scheduler/src/components/DayList.js": {"path":"/home/labber/lighthouse/react/scheduler/src/components/DayList.js","statementMap":{"0":{"start":{"line":6,"column":15},"end":{"line":16,"column":4}},"1":{"start":{"line":7,"column":4},"end":{"line":15,"column":6}},"2":{"start":{"line":18,"column":2},"end":{"line":18,"column":25}}},"fnMap":{"0":{"name":"DayList","decl":{"start":{"line":5,"column":24},"end":{"line":5,"column":31}},"loc":{"start":{"line":5,"column":39},"end":{"line":19,"column":1}},"line":5},"1":{"name":"(anonymous_1)","decl":{"start":{"line":6,"column":30},"end":{"line":6,"column":31}},"loc":{"start":{"line":6,"column":37},"end":{"line":16,"column":3}},"line":6}},"branchMap":{},"s":{"0":18,"1":22,"2":18},"f":{"0":18,"1":22},"b":{},"_coverageSchema":"43e27e138ebf9cfc5966b082cf9a028302ed4184","hash":"6e0ece305266350df8c397e2843bd82c3d0cb9bb"}
,"/home/labber/lighthouse/react/scheduler/src/components/DayListItem.js": {"path":"/home/labber/lighthouse/react/scheduler/src/components/DayListItem.js","statementMap":{"0":{"start":{"line":7,"column":2},"end":{"line":7,"column":48}},"1":{"start":{"line":7,"column":20},"end":{"line":7,"column":48}},"2":{"start":{"line":8,"column":2},"end":{"line":8,"column":46}},"3":{"start":{"line":8,"column":20},"end":{"line":8,"column":46}},"4":{"start":{"line":10,"column":2},"end":{"line":10,"column":37}},"5":{"start":{"line":14,"column":19},"end":{"line":17,"column":4}},"6":{"start":{"line":19,"column":2},"end":{"line":28,"column":4}},"7":{"start":{"line":22,"column":21},"end":{"line":22,"column":45}}},"fnMap":{"0":{"name":"formatSpots","decl":{"start":{"line":6,"column":16},"end":{"line":6,"column":27}},"loc":{"start":{"line":6,"column":36},"end":{"line":11,"column":1}},"line":6},"1":{"name":"DayListItem","decl":{"start":{"line":13,"column":24},"end":{"line":13,"column":35}},"loc":{"start":{"line":13,"column":43},"end":{"line":29,"column":1}},"line":13},"2":{"name":"(anonymous_2)","decl":{"start":{"line":22,"column":15},"end":{"line":22,"column":16}},"loc":{"start":{"line":22,"column":21},"end":{"line":22,"column":45}},"line":22}},"branchMap":{"0":{"loc":{"start":{"line":7,"column":2},"end":{"line":7,"column":48}},"type":"if","locations":[{"start":{"line":7,"column":2},"end":{"line":7,"column":48}},{"start":{"line":7,"column":2},"end":{"line":7,"column":48}}],"line":7},"1":{"loc":{"start":{"line":8,"column":2},"end":{"line":8,"column":46}},"type":"if","locations":[{"start":{"line":8,"column":2},"end":{"line":8,"column":46}},{"start":{"line":8,"column":2},"end":{"line":8,"column":46}}],"line":8}},"s":{"0":22,"1":1,"2":21,"3":20,"4":1,"5":22,"6":22,"7":1},"f":{"0":22,"1":22,"2":1},"b":{"0":[1,21],"1":[20,1]},"_coverageSchema":"43e27e138ebf9cfc5966b082cf9a028302ed4184","hash":"a7d929256d4e0081d5718ba68d4654088fc9eb38"}
,"/home/labber/lighthouse/react/scheduler/src/components/InterviewerList.js": {"path":"/home/labber/lighthouse/react/scheduler/src/components/InterviewerList.js","statementMap":{"0":{"start":{"line":9,"column":2},"end":{"line":11,"column":3}},"1":{"start":{"line":13,"column":23},"end":{"line":24,"column":4}},"2":{"start":{"line":14,"column":4},"end":{"line":23,"column":6}},"3":{"start":{"line":21,"column":33},"end":{"line":21,"column":63}},"4":{"start":{"line":26,"column":2},"end":{"line":31,"column":4}},"5":{"start":{"line":34,"column":0},"end":{"line":38,"column":2}}},"fnMap":{"0":{"name":"InterviewerList","decl":{"start":{"line":8,"column":9},"end":{"line":8,"column":24}},"loc":{"start":{"line":8,"column":32},"end":{"line":32,"column":1}},"line":8},"1":{"name":"(anonymous_1)","decl":{"start":{"line":13,"column":46},"end":{"line":13,"column":47}},"loc":{"start":{"line":13,"column":61},"end":{"line":24,"column":3}},"line":13},"2":{"name":"(anonymous_2)","decl":{"start":{"line":21,"column":24},"end":{"line":21,"column":25}},"loc":{"start":{"line":21,"column":33},"end":{"line":21,"column":63}},"line":21}},"branchMap":{},"s":{"0":23,"1":23,"2":32,"3":2,"4":23,"5":3},"f":{"0":23,"1":32,"2":2},"b":{},"_coverageSchema":"43e27e138ebf9cfc5966b082cf9a028302ed4184","hash":"eb4894ae674c89832c65d400c20798ae1d510c29"}
,"/home/labber/lighthouse/react/scheduler/src/components/InterviewerListItem.js": {"path":"/home/labber/lighthouse/react/scheduler/src/components/InterviewerListItem.js","statementMap":{"0":{"start":{"line":7,"column":20},"end":{"line":9,"column":4}},"1":{"start":{"line":11,"column":2},"end":{"line":20,"column":4}}},"fnMap":{"0":{"name":"InterviewerItem","decl":{"start":{"line":6,"column":24},"end":{"line":6,"column":39}},"loc":{"start":{"line":6,"column":47},"end":{"line":21,"column":1}},"line":6}},"branchMap":{"0":{"loc":{"start":{"line":18,"column":7},"end":{"line":18,"column":35}},"type":"binary-expr","locations":[{"start":{"line":18,"column":7},"end":{"line":18,"column":21}},{"start":{"line":18,"column":25},"end":{"line":18,"column":35}}],"line":18}},"s":{"0":32,"1":32},"f":{"0":32},"b":{"0":[32,8]},"_coverageSchema":"43e27e138ebf9cfc5966b082cf9a028302ed4184","hash":"67ffb4536a193326f79b8495bab5fc066d43a533"}
,"/home/labber/lighthouse/react/scheduler/src/components/Appointment/Confirm.js": {"path":"/home/labber/lighthouse/react/scheduler/src/components/Appointment/Confirm.js","statementMap":{"0":{"start":{"line":6,"column":2},"end":{"line":18,"column":4}},"1":{"start":{"line":10,"column":38},"end":{"line":10,"column":54}},"2":{"start":{"line":13,"column":38},"end":{"line":13,"column":55}}},"fnMap":{"0":{"name":"Confirm","decl":{"start":{"line":5,"column":24},"end":{"line":5,"column":31}},"loc":{"start":{"line":5,"column":39},"end":{"line":19,"column":1}},"line":5},"1":{"name":"(anonymous_1)","decl":{"start":{"line":10,"column":32},"end":{"line":10,"column":33}},"loc":{"start":{"line":10,"column":38},"end":{"line":10,"column":54}},"line":10},"2":{"name":"(anonymous_2)","decl":{"start":{"line":13,"column":32},"end":{"line":13,"column":33}},"loc":{"start":{"line":13,"column":38},"end":{"line":13,"column":55}},"line":13}},"branchMap":{},"s":{"0":2,"1":0,"2":2},"f":{"0":2,"1":0,"2":2},"b":{},"_coverageSchema":"43e27e138ebf9cfc5966b082cf9a028302ed4184","hash":"c666b3af63de17e124891a2124362a1b1f567371"}
,"/home/labber/lighthouse/react/scheduler/src/components/Appointment/Empty.js": {"path":"/home/labber/lighthouse/react/scheduler/src/components/Appointment/Empty.js","statementMap":{"0":{"start":{"line":4,"column":2},"end":{"line":13,"column":4}}},"fnMap":{"0":{"name":"Empty","decl":{"start":{"line":3,"column":24},"end":{"line":3,"column":29}},"loc":{"start":{"line":3,"column":37},"end":{"line":14,"column":1}},"line":3}},"branchMap":{},"s":{"0":29},"f":{"0":29},"b":{},"_coverageSchema":"43e27e138ebf9cfc5966b082cf9a028302ed4184","hash":"0735dad4a00e629776469152536c4ae0fbd6fa31"}
,"/home/labber/lighthouse/react/scheduler/src/components/Appointment/Error.js": {"path":"/home/labber/lighthouse/react/scheduler/src/components/Appointment/Error.js","statementMap":{"0":{"start":{"line":4,"column":2},"end":{"line":17,"column":4}}},"fnMap":{"0":{"name":"Error","decl":{"start":{"line":3,"column":24},"end":{"line":3,"column":29}},"loc":{"start":{"line":3,"column":37},"end":{"line":18,"column":1}},"line":3}},"branchMap":{},"s":{"0":2},"f":{"0":2},"b":{},"_coverageSchema":"43e27e138ebf9cfc5966b082cf9a028302ed4184","hash":"e1ba074449aaab676bad200ff633f2d810b8718f"}
,"/home/labber/lighthouse/react/scheduler/src/components/Appointment/Form.js": {"path":"/home/labber/lighthouse/react/scheduler/src/components/Appointment/Form.js","statementMap":{"0":{"start":{"line":7,"column":26},"end":{"line":7,"column":52}},"1":{"start":{"line":8,"column":40},"end":{"line":8,"column":75}},"2":{"start":{"line":9,"column":28},"end":{"line":9,"column":40}},"3":{"start":{"line":12,"column":4},"end":{"line":12,"column":16}},"4":{"start":{"line":13,"column":4},"end":{"line":13,"column":17}},"5":{"start":{"line":14,"column":4},"end":{"line":14,"column":25}},"6":{"start":{"line":18,"column":4},"end":{"line":18,"column":12}},"7":{"start":{"line":19,"column":4},"end":{"line":19,"column":21}},"8":{"start":{"line":23,"column":4},"end":{"line":26,"column":5}},"9":{"start":{"line":24,"column":6},"end":{"line":24,"column":47}},"10":{"start":{"line":25,"column":6},"end":{"line":25,"column":13}},"11":{"start":{"line":28,"column":4},"end":{"line":31,"column":5}},"12":{"start":{"line":29,"column":6},"end":{"line":29,"column":47}},"13":{"start":{"line":30,"column":6},"end":{"line":30,"column":13}},"14":{"start":{"line":33,"column":4},"end":{"line":33,"column":17}},"15":{"start":{"line":34,"column":4},"end":{"line":34,"column":36}},"16":{"start":{"line":38,"column":2},"end":{"line":72,"column":4}},"17":{"start":{"line":41,"column":52},"end":{"line":41,"column":74}},"18":{"start":{"line":49,"column":14},"end":{"line":49,"column":42}},"19":{"start":{"line":63,"column":40},"end":{"line":63,"column":48}},"20":{"start":{"line":66,"column":41},"end":{"line":66,"column":51}}},"fnMap":{"0":{"name":"Form","decl":{"start":{"line":6,"column":24},"end":{"line":6,"column":28}},"loc":{"start":{"line":6,"column":36},"end":{"line":73,"column":1}},"line":6},"1":{"name":"reset","decl":{"start":{"line":11,"column":11},"end":{"line":11,"column":16}},"loc":{"start":{"line":11,"column":19},"end":{"line":15,"column":3}},"line":11},"2":{"name":"cancel","decl":{"start":{"line":17,"column":11},"end":{"line":17,"column":17}},"loc":{"start":{"line":17,"column":20},"end":{"line":20,"column":3}},"line":17},"3":{"name":"validate","decl":{"start":{"line":22,"column":11},"end":{"line":22,"column":19}},"loc":{"start":{"line":22,"column":22},"end":{"line":35,"column":3}},"line":22},"4":{"name":"(anonymous_4)","decl":{"start":{"line":41,"column":43},"end":{"line":41,"column":44}},"loc":{"start":{"line":41,"column":52},"end":{"line":41,"column":74}},"line":41},"5":{"name":"(anonymous_5)","decl":{"start":{"line":48,"column":22},"end":{"line":48,"column":23}},"loc":{"start":{"line":48,"column":31},"end":{"line":50,"column":13}},"line":48},"6":{"name":"(anonymous_6)","decl":{"start":{"line":63,"column":34},"end":{"line":63,"column":35}},"loc":{"start":{"line":63,"column":40},"end":{"line":63,"column":48}},"line":63},"7":{"name":"(anonymous_7)","decl":{"start":{"line":66,"column":35},"end":{"line":66,"column":36}},"loc":{"start":{"line":66,"column":41},"end":{"line":66,"column":51}},"line":66}},"branchMap":{"0":{"loc":{"start":{"line":7,"column":35},"end":{"line":7,"column":51}},"type":"binary-expr","locations":[{"start":{"line":7,"column":35},"end":{"line":7,"column":45}},{"start":{"line":7,"column":49},"end":{"line":7,"column":51}}],"line":7},"1":{"loc":{"start":{"line":8,"column":49},"end":{"line":8,"column":74}},"type":"binary-expr","locations":[{"start":{"line":8,"column":49},"end":{"line":8,"column":66}},{"start":{"line":8,"column":70},"end":{"line":8,"column":74}}],"line":8},"2":{"loc":{"start":{"line":23,"column":4},"end":{"line":26,"column":5}},"type":"if","locations":[{"start":{"line":23,"column":4},"end":{"line":26,"column":5}},{"start":{"line":23,"column":4},"end":{"line":26,"column":5}}],"line":23},"3":{"loc":{"start":{"line":28,"column":4},"end":{"line":31,"column":5}},"type":"if","locations":[{"start":{"line":28,"column":4},"end":{"line":31,"column":5}},{"start":{"line":28,"column":4},"end":{"line":31,"column":5}}],"line":28}},"s":{"0":23,"1":23,"2":23,"3":1,"4":1,"5":1,"6":1,"7":1,"8":8,"9":2,"10":2,"11":6,"12":2,"13":2,"14":4,"15":4,"16":23,"17":0,"18":5,"19":1,"20":8},"f":{"0":23,"1":1,"2":1,"3":8,"4":0,"5":5,"6":1,"7":8},"b":{"0":[23,14],"1":[23,17],"2":[2,6],"3":[2,4]},"_coverageSchema":"43e27e138ebf9cfc5966b082cf9a028302ed4184","hash":"bb57028fa41190f26c25530a8fabb16c52a4943b"}
,"/home/labber/lighthouse/react/scheduler/src/components/Appointment/Header.js": {"path":"/home/labber/lighthouse/react/scheduler/src/components/Appointment/Header.js","statementMap":{"0":{"start":{"line":4,"column":2},"end":{"line":9,"column":4}}},"fnMap":{"0":{"name":"Header","decl":{"start":{"line":3,"column":24},"end":{"line":3,"column":30}},"loc":{"start":{"line":3,"column":38},"end":{"line":10,"column":1}},"line":3}},"branchMap":{},"s":{"0":57},"f":{"0":57},"b":{},"_coverageSchema":"43e27e138ebf9cfc5966b082cf9a028302ed4184","hash":"729d2ca4846c338f055f63f41837aa05f9a3e3f7"}
,"/home/labber/lighthouse/react/scheduler/src/components/Appointment/Show.js": {"path":"/home/labber/lighthouse/react/scheduler/src/components/Appointment/Show.js","statementMap":{"0":{"start":{"line":4,"column":2},"end":{"line":32,"column":4}}},"fnMap":{"0":{"name":"Show","decl":{"start":{"line":3,"column":24},"end":{"line":3,"column":28}},"loc":{"start":{"line":3,"column":36},"end":{"line":33,"column":1}},"line":3}},"branchMap":{"0":{"loc":{"start":{"line":11,"column":13},"end":{"line":11,"column":56}},"type":"binary-expr","locations":[{"start":{"line":11,"column":13},"end":{"line":11,"column":30}},{"start":{"line":11,"column":34},"end":{"line":11,"column":56}}],"line":11}},"s":{"0":12},"f":{"0":12},"b":{"0":[12,12]},"_coverageSchema":"43e27e138ebf9cfc5966b082cf9a028302ed4184","hash":"529b2fa594201a4ee8d2520ee16c19fd282bd661"}
,"/home/labber/lighthouse/react/scheduler/src/components/Appointment/Status.js": {"path":"/home/labber/lighthouse/react/scheduler/src/components/Appointment/Status.js","statementMap":{"0":{"start":{"line":4,"column":2},"end":{"line":13,"column":4}}},"fnMap":{"0":{"name":"Status","decl":{"start":{"line":3,"column":24},"end":{"line":3,"column":30}},"loc":{"start":{"line":3,"column":38},"end":{"line":14,"column":1}},"line":3}},"branchMap":{},"s":{"0":8},"f":{"0":8},"b":{},"_coverageSchema":"43e27e138ebf9cfc5966b082cf9a028302ed4184","hash":"6a568df4b9f28164feb6adc19c67cfb5e9d3e151"}
,"/home/labber/lighthouse/react/scheduler/src/components/Appointment/index.js": {"path":"/home/labber/lighthouse/react/scheduler/src/components/Appointment/index.js","statementMap":{"0":{"start":{"line":14,"column":14},"end":{"line":14,"column":21}},"1":{"start":{"line":15,"column":13},"end":{"line":15,"column":19}},"2":{"start":{"line":16,"column":15},"end":{"line":16,"column":23}},"3":{"start":{"line":17,"column":13},"end":{"line":17,"column":19}},"4":{"start":{"line":18,"column":15},"end":{"line":18,"column":23}},"5":{"start":{"line":19,"column":17},"end":{"line":19,"column":27}},"6":{"start":{"line":20,"column":16},"end":{"line":20,"column":25}},"7":{"start":{"line":21,"column":19},"end":{"line":21,"column":31}},"8":{"start":{"line":22,"column":21},"end":{"line":22,"column":35}},"9":{"start":{"line":25,"column":37},"end":{"line":25,"column":82}},"10":{"start":{"line":28,"column":22},"end":{"line":31,"column":5}},"11":{"start":{"line":33,"column":4},"end":{"line":33,"column":23}},"12":{"start":{"line":35,"column":4},"end":{"line":38,"column":52}},"13":{"start":{"line":37,"column":18},"end":{"line":37,"column":34}},"14":{"start":{"line":38,"column":22},"end":{"line":38,"column":50}},"15":{"start":{"line":42,"column":4},"end":{"line":42,"column":31}},"16":{"start":{"line":43,"column":4},"end":{"line":46,"column":54}},"17":{"start":{"line":45,"column":18},"end":{"line":45,"column":35}},"18":{"start":{"line":46,"column":22},"end":{"line":46,"column":52}},"19":{"start":{"line":49,"column":2},"end":{"line":88,"column":9}},"20":{"start":{"line":56,"column":26},"end":{"line":56,"column":45}},"21":{"start":{"line":57,"column":24},"end":{"line":57,"column":40}},"22":{"start":{"line":59,"column":44},"end":{"line":59,"column":62}}},"fnMap":{"0":{"name":"Appointment","decl":{"start":{"line":24,"column":24},"end":{"line":24,"column":35}},"loc":{"start":{"line":24,"column":43},"end":{"line":89,"column":6}},"line":24},"1":{"name":"save","decl":{"start":{"line":27,"column":11},"end":{"line":27,"column":15}},"loc":{"start":{"line":27,"column":35},"end":{"line":39,"column":3}},"line":27},"2":{"name":"(anonymous_2)","decl":{"start":{"line":37,"column":12},"end":{"line":37,"column":13}},"loc":{"start":{"line":37,"column":18},"end":{"line":37,"column":34}},"line":37},"3":{"name":"(anonymous_3)","decl":{"start":{"line":38,"column":13},"end":{"line":38,"column":14}},"loc":{"start":{"line":38,"column":22},"end":{"line":38,"column":50}},"line":38},"4":{"name":"destroy","decl":{"start":{"line":41,"column":11},"end":{"line":41,"column":18}},"loc":{"start":{"line":41,"column":21},"end":{"line":47,"column":3}},"line":41},"5":{"name":"(anonymous_5)","decl":{"start":{"line":45,"column":12},"end":{"line":45,"column":13}},"loc":{"start":{"line":45,"column":18},"end":{"line":45,"column":35}},"line":45},"6":{"name":"(anonymous_6)","decl":{"start":{"line":46,"column":13},"end":{"line":46,"column":14}},"loc":{"start":{"line":46,"column":22},"end":{"line":46,"column":52}},"line":46},"7":{"name":"(anonymous_7)","decl":{"start":{"line":56,"column":20},"end":{"line":56,"column":21}},"loc":{"start":{"line":56,"column":26},"end":{"line":56,"column":45}},"line":56},"8":{"name":"(anonymous_8)","decl":{"start":{"line":57,"column":18},"end":{"line":57,"column":19}},"loc":{"start":{"line":57,"column":24},"end":{"line":57,"column":40}},"line":57},"9":{"name":"(anonymous_9)","decl":{"start":{"line":59,"column":38},"end":{"line":59,"column":39}},"loc":{"start":{"line":59,"column":44},"end":{"line":59,"column":62}},"line":59}},"branchMap":{"0":{"loc":{"start":{"line":25,"column":51},"end":{"line":25,"column":81}},"type":"cond-expr","locations":[{"start":{"line":25,"column":69},"end":{"line":25,"column":73}},{"start":{"line":25,"column":76},"end":{"line":25,"column":81}}],"line":25},"1":{"loc":{"start":{"line":52,"column":7},"end":{"line":58,"column":10}},"type":"binary-expr","locations":[{"start":{"line":52,"column":7},"end":{"line":52,"column":20}},{"start":{"line":53,"column":8},"end":{"line":58,"column":10}}],"line":52},"2":{"loc":{"start":{"line":59,"column":6},"end":{"line":59,"column":66}},"type":"binary-expr","locations":[{"start":{"line":59,"column":6},"end":{"line":59,"column":20}},{"start":{"line":59,"column":24},"end":{"line":59,"column":66}}],"line":59},"3":{"loc":{"start":{"line":60,"column":6},"end":{"line":62,"column":6}},"type":"binary-expr","locations":[{"start":{"line":60,"column":6},"end":{"line":60,"column":21}},{"start":{"line":61,"column":7},"end":{"line":61,"column":79}}],"line":60},"4":{"loc":{"start":{"line":63,"column":6},"end":{"line":71,"column":6}},"type":"binary-expr","locations":[{"start":{"line":63,"column":6},"end":{"line":63,"column":19}},{"start":{"line":64,"column":7},"end":{"line":70,"column":9}}],"line":63},"5":{"loc":{"start":{"line":72,"column":6},"end":{"line":72,"column":52}},"type":"binary-expr","locations":[{"start":{"line":72,"column":6},"end":{"line":72,"column":21}},{"start":{"line":72,"column":25},"end":{"line":72,"column":52}}],"line":72},"6":{"loc":{"start":{"line":73,"column":6},"end":{"line":73,"column":56}},"type":"binary-expr","locations":[{"start":{"line":73,"column":6},"end":{"line":73,"column":23}},{"start":{"line":73,"column":27},"end":{"line":73,"column":56}}],"line":73},"7":{"loc":{"start":{"line":74,"column":6},"end":{"line":80,"column":6}},"type":"binary-expr","locations":[{"start":{"line":74,"column":6},"end":{"line":74,"column":22}},{"start":{"line":75,"column":7},"end":{"line":79,"column":9}}],"line":74},"8":{"loc":{"start":{"line":81,"column":6},"end":{"line":83,"column":6}},"type":"binary-expr","locations":[{"start":{"line":81,"column":6},"end":{"line":81,"column":25}},{"start":{"line":82,"column":7},"end":{"line":82,"column":69}}],"line":81},"9":{"loc":{"start":{"line":84,"column":6},"end":{"line":86,"column":6}},"type":"binary-expr","locations":[{"start":{"line":84,"column":6},"end":{"line":84,"column":27}},{"start":{"line":85,"column":7},"end":{"line":85,"column":71}}],"line":84}},"s":{"0":2,"1":2,"2":2,"3":2,"4":2,"5":2,"6":2,"7":2,"8":2,"9":57,"10":3,"11":3,"12":3,"13":2,"14":1,"15":2,"16":2,"17":1,"18":1,"19":57,"20":2,"21":1,"22":2},"f":{"0":57,"1":3,"2":2,"3":1,"4":2,"5":1,"6":1,"7":2,"8":1,"9":2},"b":{"0":[21,36],"1":[57,12],"2":[57,29],"3":[57,3],"4":[57,1],"5":[57,5],"6":[57,3],"7":[57,2],"8":[57,1],"9":[57,1]},"_coverageSchema":"43e27e138ebf9cfc5966b082cf9a028302ed4184","hash":"5e9084ddf29b26dc6a1c9f9919c16f4789a69b9d"}
,"/home/labber/lighthouse/react/scheduler/src/helpers/selectors.js": {"path":"/home/labber/lighthouse/react/scheduler/src/helpers/selectors.js","statementMap":{"0":{"start":{"line":2,"column":16},"end":{"line":2,"column":52}},"1":{"start":{"line":2,"column":37},"end":{"line":2,"column":51}},"2":{"start":{"line":4,"column":2},"end":{"line":4,"column":64}},"3":{"start":{"line":4,"column":54},"end":{"line":4,"column":64}},"4":{"start":{"line":6,"column":2},"end":{"line":6,"column":62}},"5":{"start":{"line":6,"column":38},"end":{"line":6,"column":60}},"6":{"start":{"line":10,"column":16},"end":{"line":10,"column":52}},"7":{"start":{"line":10,"column":37},"end":{"line":10,"column":51}},"8":{"start":{"line":12,"column":2},"end":{"line":12,"column":64}},"9":{"start":{"line":12,"column":54},"end":{"line":12,"column":64}},"10":{"start":{"line":14,"column":2},"end":{"line":14,"column":62}},"11":{"start":{"line":14,"column":38},"end":{"line":14,"column":60}},"12":{"start":{"line":18,"column":2},"end":{"line":23,"column":4}}},"fnMap":{"0":{"name":"getAppointmentsForDay","decl":{"start":{"line":1,"column":16},"end":{"line":1,"column":37}},"loc":{"start":{"line":1,"column":50},"end":{"line":7,"column":1}},"line":1},"1":{"name":"(anonymous_1)","decl":{"start":{"line":2,"column":32},"end":{"line":2,"column":33}},"loc":{"start":{"line":2,"column":37},"end":{"line":2,"column":51}},"line":2},"2":{"name":"(anonymous_2)","decl":{"start":{"line":6,"column":32},"end":{"line":6,"column":33}},"loc":{"start":{"line":6,"column":38},"end":{"line":6,"column":60}},"line":6},"3":{"name":"getInterviewersForDay","decl":{"start":{"line":9,"column":16},"end":{"line":9,"column":37}},"loc":{"start":{"line":9,"column":50},"end":{"line":15,"column":1}},"line":9},"4":{"name":"(anonymous_4)","decl":{"start":{"line":10,"column":32},"end":{"line":10,"column":33}},"loc":{"start":{"line":10,"column":37},"end":{"line":10,"column":51}},"line":10},"5":{"name":"(anonymous_5)","decl":{"start":{"line":14,"column":32},"end":{"line":14,"column":33}},"loc":{"start":{"line":14,"column":38},"end":{"line":14,"column":60}},"line":14},"6":{"name":"getInterview","decl":{"start":{"line":17,"column":16},"end":{"line":17,"column":28}},"loc":{"start":{"line":17,"column":47},"end":{"line":24,"column":1}},"line":17}},"branchMap":{"0":{"loc":{"start":{"line":4,"column":2},"end":{"line":4,"column":64}},"type":"if","locations":[{"start":{"line":4,"column":2},"end":{"line":4,"column":64}},{"start":{"line":4,"column":2},"end":{"line":4,"column":64}}],"line":4},"1":{"loc":{"start":{"line":4,"column":6},"end":{"line":4,"column":52}},"type":"binary-expr","locations":[{"start":{"line":4,"column":6},"end":{"line":4,"column":29}},{"start":{"line":4,"column":33},"end":{"line":4,"column":52}}],"line":4},"2":{"loc":{"start":{"line":12,"column":2},"end":{"line":12,"column":64}},"type":"if","locations":[{"start":{"line":12,"column":2},"end":{"line":12,"column":64}},{"start":{"line":12,"column":2},"end":{"line":12,"column":64}}],"line":12},"3":{"loc":{"start":{"line":12,"column":6},"end":{"line":12,"column":52}},"type":"binary-expr","locations":[{"start":{"line":12,"column":6},"end":{"line":12,"column":29}},{"start":{"line":12,"column":33},"end":{"line":12,"column":52}}],"line":12},"4":{"loc":{"start":{"line":19,"column":4},"end":{"line":22,"column":5}},"type":"binary-expr","locations":[{"start":{"line":19,"column":4},"end":{"line":19,"column":13}},{"start":{"line":19,"column":17},"end":{"line":22,"column":5}}],"line":19}},"s":{"0":23,"1":18,"2":23,"3":9,"4":14,"5":30,"6":23,"7":18,"8":23,"9":9,"10":14,"11":28,"12":24},"f":{"0":23,"1":18,"2":30,"3":23,"4":18,"5":28,"6":24},"b":{"0":[9,14],"1":[23,15],"2":[9,14],"3":[23,15],"4":[24,12]},"_coverageSchema":"43e27e138ebf9cfc5966b082cf9a028302ed4184","hash":"09d2f77d94a2472af5b26d7c9706f3d0bf02f7e9"}
,"/home/labber/lighthouse/react/scheduler/src/hooks/useApplicationData.js": {"path":"/home/labber/lighthouse/react/scheduler/src/hooks/useApplicationData.js","statementMap":{"0":{"start":{"line":14,"column":28},"end":{"line":19,"column":4}},"1":{"start":{"line":21,"column":17},"end":{"line":21,"column":56}},"2":{"start":{"line":21,"column":24},"end":{"line":21,"column":56}},"3":{"start":{"line":23,"column":2},"end":{"line":37,"column":9}},"4":{"start":{"line":24,"column":4},"end":{"line":36,"column":6}},"5":{"start":{"line":30,"column":8},"end":{"line":35,"column":10}},"6":{"start":{"line":39,"column":2},"end":{"line":39,"column":30}},"7":{"start":{"line":42,"column":4},"end":{"line":48,"column":7}},"8":{"start":{"line":43,"column":6},"end":{"line":47,"column":9}},"9":{"start":{"line":52,"column":4},"end":{"line":58,"column":7}},"10":{"start":{"line":53,"column":6},"end":{"line":57,"column":9}},"11":{"start":{"line":61,"column":2},"end":{"line":66,"column":4}}},"fnMap":{"0":{"name":"useApplicationData","decl":{"start":{"line":13,"column":24},"end":{"line":13,"column":42}},"loc":{"start":{"line":13,"column":45},"end":{"line":67,"column":1}},"line":13},"1":{"name":"(anonymous_1)","decl":{"start":{"line":21,"column":17},"end":{"line":21,"column":18}},"loc":{"start":{"line":21,"column":24},"end":{"line":21,"column":56}},"line":21},"2":{"name":"(anonymous_2)","decl":{"start":{"line":23,"column":12},"end":{"line":23,"column":13}},"loc":{"start":{"line":23,"column":18},"end":{"line":37,"column":3}},"line":23},"3":{"name":"(anonymous_3)","decl":{"start":{"line":29,"column":6},"end":{"line":29,"column":7}},"loc":{"start":{"line":30,"column":8},"end":{"line":35,"column":10}},"line":30},"4":{"name":"bookInterview","decl":{"start":{"line":41,"column":11},"end":{"line":41,"column":24}},"loc":{"start":{"line":41,"column":40},"end":{"line":49,"column":3}},"line":41},"5":{"name":"(anonymous_5)","decl":{"start":{"line":42,"column":68},"end":{"line":42,"column":69}},"loc":{"start":{"line":42,"column":74},"end":{"line":48,"column":5}},"line":42},"6":{"name":"cancelInterview","decl":{"start":{"line":51,"column":11},"end":{"line":51,"column":26}},"loc":{"start":{"line":51,"column":31},"end":{"line":59,"column":3}},"line":51},"7":{"name":"(anonymous_7)","decl":{"start":{"line":52,"column":56},"end":{"line":52,"column":57}},"loc":{"start":{"line":52,"column":62},"end":{"line":58,"column":5}},"line":52}},"branchMap":{},"s":{"0":18,"1":18,"2":1,"3":18,"4":7,"5":7,"6":18,"7":3,"8":2,"9":2,"10":1,"11":18},"f":{"0":18,"1":1,"2":7,"3":7,"4":3,"5":2,"6":2,"7":1},"b":{},"_coverageSchema":"43e27e138ebf9cfc5966b082cf9a028302ed4184","hash":"eb50e165331ab35ce16e1d77c38f472b8db23fa8"}
,"/home/labber/lighthouse/react/scheduler/src/hooks/useRealtimeUpdate.js": {"path":"/home/labber/lighthouse/react/scheduler/src/hooks/useRealtimeUpdate.js","statementMap":{"0":{"start":{"line":5,"column":2},"end":{"line":19,"column":17}},"1":{"start":{"line":6,"column":19},"end":{"line":6,"column":69}},"2":{"start":{"line":8,"column":4},"end":{"line":14,"column":6}},"3":{"start":{"line":9,"column":19},"end":{"line":9,"column":41}},"4":{"start":{"line":11,"column":6},"end":{"line":13,"column":7}},"5":{"start":{"line":12,"column":8},"end":{"line":12,"column":23}},"6":{"start":{"line":16,"column":4},"end":{"line":18,"column":6}},"7":{"start":{"line":17,"column":6},"end":{"line":17,"column":21}}},"fnMap":{"0":{"name":"useRealtimeUpdate","decl":{"start":{"line":4,"column":24},"end":{"line":4,"column":41}},"loc":{"start":{"line":4,"column":52},"end":{"line":20,"column":1}},"line":4},"1":{"name":"(anonymous_1)","decl":{"start":{"line":5,"column":12},"end":{"line":5,"column":13}},"loc":{"start":{"line":5,"column":18},"end":{"line":19,"column":3}},"line":5},"2":{"name":"(anonymous_2)","decl":{"start":{"line":8,"column":23},"end":{"line":8,"column":24}},"loc":{"start":{"line":8,"column":32},"end":{"line":14,"column":5}},"line":8},"3":{"name":"(anonymous_3)","decl":{"start":{"line":16,"column":11},"end":{"line":16,"column":12}},"loc":{"start":{"line":16,"column":17},"end":{"line":18,"column":5}},"line":16}},"branchMap":{"0":{"loc":{"start":{"line":11,"column":6},"end":{"line":13,"column":7}},"type":"if","locations":[{"start":{"line":11,"column":6},"end":{"line":13,"column":7}},{"start":{"line":11,"column":6},"end":{"line":13,"column":7}}],"line":11},"1":{"loc":{"start":{"line":11,"column":10},"end":{"line":11,"column":65}},"type":"binary-expr","locations":[{"start":{"line":11,"column":10},"end":{"line":11,"column":34}},{"start":{"line":11,"column":38},"end":{"line":11,"column":65}}],"line":11}},"s":{"0":18,"1":7,"2":7,"3":0,"4":0,"5":0,"6":7,"7":7},"f":{"0":18,"1":7,"2":0,"3":7},"b":{"0":[0,0],"1":[0,0]},"_coverageSchema":"43e27e138ebf9cfc5966b082cf9a028302ed4184","hash":"d0fbffdc645eaa3323f1445495dda09601d1570a"}
,"/home/labber/lighthouse/react/scheduler/src/hooks/useVisualMode.js": {"path":"/home/labber/lighthouse/react/scheduler/src/hooks/useVisualMode.js","statementMap":{"0":{"start":{"line":4,"column":32},"end":{"line":4,"column":55}},"1":{"start":{"line":6,"column":21},"end":{"line":11,"column":3}},"2":{"start":{"line":7,"column":4},"end":{"line":9,"column":5}},"3":{"start":{"line":8,"column":6},"end":{"line":8,"column":61}},"4":{"start":{"line":8,"column":25},"end":{"line":8,"column":60}},"5":{"start":{"line":10,"column":4},"end":{"line":10,"column":43}},"6":{"start":{"line":10,"column":23},"end":{"line":10,"column":41}},"7":{"start":{"line":13,"column":15},"end":{"line":15,"column":3}},"8":{"start":{"line":14,"column":4},"end":{"line":14,"column":104}},"9":{"start":{"line":14,"column":45},"end":{"line":14,"column":80}},"10":{"start":{"line":17,"column":2},"end":{"line":21,"column":5}}},"fnMap":{"0":{"name":"useVisualMode","decl":{"start":{"line":3,"column":24},"end":{"line":3,"column":37}},"loc":{"start":{"line":3,"column":51},"end":{"line":22,"column":1}},"line":3},"1":{"name":"(anonymous_1)","decl":{"start":{"line":6,"column":21},"end":{"line":6,"column":22}},"loc":{"start":{"line":6,"column":51},"end":{"line":11,"column":3}},"line":6},"2":{"name":"(anonymous_2)","decl":{"start":{"line":8,"column":17},"end":{"line":8,"column":18}},"loc":{"start":{"line":8,"column":25},"end":{"line":8,"column":60}},"line":8},"3":{"name":"(anonymous_3)","decl":{"start":{"line":10,"column":15},"end":{"line":10,"column":16}},"loc":{"start":{"line":10,"column":23},"end":{"line":10,"column":41}},"line":10},"4":{"name":"(anonymous_4)","decl":{"start":{"line":13,"column":15},"end":{"line":13,"column":16}},"loc":{"start":{"line":13,"column":21},"end":{"line":15,"column":3}},"line":13},"5":{"name":"(anonymous_5)","decl":{"start":{"line":14,"column":37},"end":{"line":14,"column":38}},"loc":{"start":{"line":14,"column":45},"end":{"line":14,"column":80}},"line":14}},"branchMap":{"0":{"loc":{"start":{"line":6,"column":31},"end":{"line":6,"column":46}},"type":"default-arg","locations":[{"start":{"line":6,"column":41},"end":{"line":6,"column":46}}],"line":6},"1":{"loc":{"start":{"line":7,"column":4},"end":{"line":9,"column":5}},"type":"if","locations":[{"start":{"line":7,"column":4},"end":{"line":9,"column":5}},{"start":{"line":7,"column":4},"end":{"line":9,"column":5}}],"line":7},"2":{"loc":{"start":{"line":14,"column":4},"end":{"line":14,"column":103}},"type":"cond-expr","locations":[{"start":{"line":14,"column":26},"end":{"line":14,"column":81}},{"start":{"line":14,"column":84},"end":{"line":14,"column":103}}],"line":14}},"s":{"0":70,"1":70,"2":20,"3":5,"4":5,"5":20,"6":20,"7":70,"8":4,"9":3,"10":70},"f":{"0":70,"1":20,"2":5,"3":20,"4":4,"5":3},"b":{"0":[15],"1":[5,15],"2":[3,1]},"_coverageSchema":"43e27e138ebf9cfc5966b082cf9a028302ed4184","hash":"3714c5fe23ca92fc2dd97267a3ee5fc7ce7e7d92"}
,"/home/labber/lighthouse/react/scheduler/src/reducers/application.js": {"path":"/home/labber/lighthouse/react/scheduler/src/reducers/application.js","statementMap":{"0":{"start":{"line":1,"column":23},"end":{"line":1,"column":32}},"1":{"start":{"line":2,"column":36},"end":{"line":2,"column":58}},"2":{"start":{"line":3,"column":29},"end":{"line":3,"column":44}},"3":{"start":{"line":6,"column":2},"end":{"line":53,"column":3}},"4":{"start":{"line":8,"column":6},"end":{"line":8,"column":43}},"5":{"start":{"line":10,"column":6},"end":{"line":15,"column":8}},"6":{"start":{"line":17,"column":26},"end":{"line":20,"column":7}},"7":{"start":{"line":22,"column":27},"end":{"line":25,"column":7}},"8":{"start":{"line":27,"column":29},"end":{"line":32,"column":9}},"9":{"start":{"line":28,"column":8},"end":{"line":32,"column":9}},"10":{"start":{"line":30,"column":26},"end":{"line":30,"column":72}},"11":{"start":{"line":34,"column":19},"end":{"line":41,"column":8}},"12":{"start":{"line":35,"column":8},"end":{"line":40,"column":16}},"13":{"start":{"line":43,"column":6},"end":{"line":47,"column":8}},"14":{"start":{"line":50,"column":6},"end":{"line":52,"column":8}}},"fnMap":{"0":{"name":"reducer","decl":{"start":{"line":5,"column":24},"end":{"line":5,"column":31}},"loc":{"start":{"line":5,"column":47},"end":{"line":54,"column":1}},"line":5},"1":{"name":"(anonymous_1)","decl":{"start":{"line":27,"column":29},"end":{"line":27,"column":30}},"loc":{"start":{"line":28,"column":8},"end":{"line":32,"column":9}},"line":28},"2":{"name":"(anonymous_2)","decl":{"start":{"line":30,"column":10},"end":{"line":30,"column":11}},"loc":{"start":{"line":30,"column":26},"end":{"line":30,"column":72}},"line":30},"3":{"name":"(anonymous_3)","decl":{"start":{"line":34,"column":34},"end":{"line":34,"column":35}},"loc":{"start":{"line":34,"column":41},"end":{"line":41,"column":7}},"line":34}},"branchMap":{"0":{"loc":{"start":{"line":6,"column":2},"end":{"line":53,"column":3}},"type":"switch","locations":[{"start":{"line":7,"column":4},"end":{"line":8,"column":43}},{"start":{"line":9,"column":4},"end":{"line":15,"column":8}},{"start":{"line":16,"column":4},"end":{"line":48,"column":5}},{"start":{"line":49,"column":4},"end":{"line":52,"column":8}}],"line":6},"1":{"loc":{"start":{"line":19,"column":19},"end":{"line":19,"column":62}},"type":"binary-expr","locations":[{"start":{"line":19,"column":19},"end":{"line":19,"column":35}},{"start":{"line":19,"column":39},"end":{"line":19,"column":62}}],"line":19},"2":{"loc":{"start":{"line":30,"column":26},"end":{"line":30,"column":72}},"type":"cond-expr","locations":[{"start":{"line":30,"column":55},"end":{"line":30,"column":64}},{"start":{"line":30,"column":67},"end":{"line":30,"column":72}}],"line":30},"3":{"loc":{"start":{"line":35,"column":15},"end":{"line":40,"column":15}},"type":"cond-expr","locations":[{"start":{"line":36,"column":12},"end":{"line":39,"column":13}},{"start":{"line":40,"column":12},"end":{"line":40,"column":15}}],"line":35}},"s":{"0":3,"1":3,"2":3,"3":12,"4":1,"5":7,"6":3,"7":3,"8":3,"9":3,"10":6,"11":3,"12":6,"13":3,"14":1},"f":{"0":12,"1":3,"2":6,"3":6},"b":{"0":[1,7,3,1],"1":[3,2],"2":[3,3],"3":[3,3]},"_coverageSchema":"43e27e138ebf9cfc5966b082cf9a028302ed4184","hash":"1fcd3727a110de2ec402bd3da5ec8f3bb813364e"}
}
